<?xml version="1.0" encoding="UTF-8"?>
<testsuite xmlns:xsi="http://www.w3.org/2001/XMLSchema-instance" xsi:noNamespaceSchemaLocation="https://maven.apache.org/surefire/maven-surefire-plugin/xsd/surefire-test-report-3.0.xsd" version="3.0" name="TestSuite" time="9.202" tests="2" errors="0" skipped="0" failures="1">
  <properties>
    <property name="gopherProxySet" value="false"/>
    <property name="awt.toolkit" value="sun.lwawt.macosx.LWCToolkit"/>
    <property name="java.specification.version" value="11"/>
    <property name="sun.cpu.isalist" value=""/>
    <property name="sun.jnu.encoding" value="UTF-8"/>
    <property name="java.class.path" value="/Users/OLX/Documents/Extras/testProj/target/test-classes:/Users/OLX/Documents/Extras/testProj/target/classes:/Users/OLX/.m2/repository/org/testng/testng/6.11/testng-6.11.jar:/Users/OLX/.m2/repository/com/beust/jcommander/1.64/jcommander-1.64.jar:/Users/OLX/.m2/repository/org/yaml/snakeyaml/1.17/snakeyaml-1.17.jar:/Users/OLX/.m2/repository/io/rest-assured/rest-assured/4.3.1/rest-assured-4.3.1.jar:/Users/OLX/.m2/repository/org/codehaus/groovy/groovy/3.0.3/groovy-3.0.3.jar:/Users/OLX/.m2/repository/org/codehaus/groovy/groovy-xml/3.0.3/groovy-xml-3.0.3.jar:/Users/OLX/.m2/repository/org/apache/httpcomponents/httpclient/4.5.3/httpclient-4.5.3.jar:/Users/OLX/.m2/repository/org/apache/httpcomponents/httpcore/4.4.6/httpcore-4.4.6.jar:/Users/OLX/.m2/repository/commons-logging/commons-logging/1.2/commons-logging-1.2.jar:/Users/OLX/.m2/repository/commons-codec/commons-codec/1.9/commons-codec-1.9.jar:/Users/OLX/.m2/repository/org/apache/httpcomponents/httpmime/4.5.3/httpmime-4.5.3.jar:/Users/OLX/.m2/repository/org/hamcrest/hamcrest/2.1/hamcrest-2.1.jar:/Users/OLX/.m2/repository/org/ccil/cowan/tagsoup/tagsoup/1.2.1/tagsoup-1.2.1.jar:/Users/OLX/.m2/repository/io/rest-assured/xml-path/4.3.1/xml-path-4.3.1.jar:/Users/OLX/.m2/repository/org/apache/commons/commons-lang3/3.4/commons-lang3-3.4.jar:/Users/OLX/.m2/repository/jakarta/xml/bind/jakarta.xml.bind-api/2.3.3/jakarta.xml.bind-api-2.3.3.jar:/Users/OLX/.m2/repository/jakarta/activation/jakarta.activation-api/1.2.2/jakarta.activation-api-1.2.2.jar:/Users/OLX/.m2/repository/com/sun/xml/bind/jaxb-impl/2.3.3/jaxb-impl-2.3.3.jar:/Users/OLX/.m2/repository/io/rest-assured/json-path/4.3.1/json-path-4.3.1.jar:/Users/OLX/.m2/repository/io/rest-assured/rest-assured-common/4.3.1/rest-assured-common-4.3.1.jar:/Users/OLX/.m2/repository/io/rest-assured/json-schema-validator/4.3.1/json-schema-validator-4.3.1.jar:/Users/OLX/.m2/repository/com/github/java-json-tools/json-schema-validator/2.2.10/json-schema-validator-2.2.10.jar:/Users/OLX/.m2/repository/com/github/java-json-tools/json-schema-core/1.2.10/json-schema-core-1.2.10.jar:/Users/OLX/.m2/repository/com/github/java-json-tools/jackson-coreutils/1.9/jackson-coreutils-1.9.jar:/Users/OLX/.m2/repository/com/fasterxml/jackson/core/jackson-databind/2.2.3/jackson-databind-2.2.3.jar:/Users/OLX/.m2/repository/com/fasterxml/jackson/core/jackson-annotations/2.2.3/jackson-annotations-2.2.3.jar:/Users/OLX/.m2/repository/com/fasterxml/jackson/core/jackson-core/2.2.3/jackson-core-2.2.3.jar:/Users/OLX/.m2/repository/com/google/guava/guava/16.0.1/guava-16.0.1.jar:/Users/OLX/.m2/repository/com/github/fge/msg-simple/1.1/msg-simple-1.1.jar:/Users/OLX/.m2/repository/com/github/fge/btf/1.2/btf-1.2.jar:/Users/OLX/.m2/repository/com/github/fge/uri-template/0.9/uri-template-0.9.jar:/Users/OLX/.m2/repository/org/mozilla/rhino/1.7.7.1/rhino-1.7.7.1.jar:/Users/OLX/.m2/repository/javax/mail/mailapi/1.4.3/mailapi-1.4.3.jar:/Users/OLX/.m2/repository/javax/activation/activation/1.1/activation-1.1.jar:/Users/OLX/.m2/repository/joda-time/joda-time/2.9.7/joda-time-2.9.7.jar:/Users/OLX/.m2/repository/com/googlecode/libphonenumber/libphonenumber/8.0.0/libphonenumber-8.0.0.jar:/Users/OLX/.m2/repository/com/google/code/findbugs/jsr305/3.0.1/jsr305-3.0.1.jar:/Users/OLX/.m2/repository/net/sf/jopt-simple/jopt-simple/5.0.3/jopt-simple-5.0.3.jar:/Users/OLX/.m2/repository/org/projectlombok/lombok/1.18.16/lombok-1.18.16.jar:/Users/OLX/.m2/repository/org/projectlombok/test/test-maven-lombok/1.18.0.0/test-maven-lombok-1.18.0.0.jar:/Users/OLX/.m2/repository/javax/validation/validation-api/2.0.1.Final/validation-api-2.0.1.Final.jar:/Users/OLX/.m2/repository/org/slf4j/slf4j-api/1.7.25/slf4j-api-1.7.25.jar:/Users/OLX/.m2/repository/ch/qos/logback/logback-classic/1.2.3/logback-classic-1.2.3.jar:/Users/OLX/.m2/repository/ch/qos/logback/logback-core/1.2.3/logback-core-1.2.3.jar:/Users/OLX/.m2/repository/com/google/code/gson/gson/2.8.6/gson-2.8.6.jar:/Users/OLX/.m2/repository/org/apache/poi/poi-ooxml/4.1.2/poi-ooxml-4.1.2.jar:/Users/OLX/.m2/repository/org/apache/poi/poi/4.1.2/poi-4.1.2.jar:/Users/OLX/.m2/repository/org/apache/commons/commons-collections4/4.4/commons-collections4-4.4.jar:/Users/OLX/.m2/repository/org/apache/commons/commons-math3/3.6.1/commons-math3-3.6.1.jar:/Users/OLX/.m2/repository/com/zaxxer/SparseBitSet/1.2/SparseBitSet-1.2.jar:/Users/OLX/.m2/repository/org/apache/poi/poi-ooxml-schemas/4.1.2/poi-ooxml-schemas-4.1.2.jar:/Users/OLX/.m2/repository/org/apache/xmlbeans/xmlbeans/3.1.0/xmlbeans-3.1.0.jar:/Users/OLX/.m2/repository/org/apache/commons/commons-compress/1.19/commons-compress-1.19.jar:/Users/OLX/.m2/repository/com/github/virtuald/curvesapi/1.06/curvesapi-1.06.jar:/Users/OLX/.m2/repository/com/jayway/restassured/rest-assured/2.9.0/rest-assured-2.9.0.jar:/Users/OLX/.m2/repository/org/hamcrest/hamcrest-core/1.3/hamcrest-core-1.3.jar:/Users/OLX/.m2/repository/org/hamcrest/hamcrest-library/1.3/hamcrest-library-1.3.jar:/Users/OLX/.m2/repository/com/jayway/restassured/json-path/2.9.0/json-path-2.9.0.jar:/Users/OLX/.m2/repository/com/jayway/restassured/rest-assured-common/2.9.0/rest-assured-common-2.9.0.jar:/Users/OLX/.m2/repository/com/jayway/restassured/xml-path/2.9.0/xml-path-2.9.0.jar:/Users/OLX/.m2/repository/com/jayway/jsonpath/json-path/2.7.0/json-path-2.7.0.jar:/Users/OLX/.m2/repository/net/minidev/json-smart/2.4.7/json-smart-2.4.7.jar:/Users/OLX/.m2/repository/net/minidev/accessors-smart/2.4.7/accessors-smart-2.4.7.jar:/Users/OLX/.m2/repository/org/ow2/asm/asm/9.1/asm-9.1.jar:/Users/OLX/.m2/repository/org/codehaus/groovy/groovy-json/3.0.3/groovy-json-3.0.3.jar:/Users/OLX/.m2/repository/com/googlecode/json-simple/json-simple/1.1.1/json-simple-1.1.1.jar:/Users/OLX/.m2/repository/junit/junit/4.10/junit-4.10.jar:/Users/OLX/.m2/repository/com/github/dzieciou/testing/curl-logger/1.0.5/curl-logger-1.0.5.jar:"/>
    <property name="java.vm.vendor" value="AdoptOpenJDK"/>
    <property name="sun.arch.data.model" value="64"/>
    <property name="java.vendor.url" value="https://adoptopenjdk.net/"/>
    <property name="user.timezone" value="Asia/Kolkata"/>
    <property name="java.vm.specification.version" value="11"/>
    <property name="os.name" value="Mac OS X"/>
    <property name="sun.java.launcher" value="SUN_STANDARD"/>
    <property name="user.country" value="IN"/>
    <property name="sun.boot.library.path" value="/Library/Java/JavaVirtualMachines/adoptopenjdk-11.jdk/Contents/Home/lib"/>
    <property name="sun.java.command" value="/Users/OLX/Documents/Extras/testProj/target/surefire/surefirebooter9592623754424323673.jar /Users/OLX/Documents/Extras/testProj/target/surefire 2022-03-16T10-16-55_209-jvmRun1 surefire3657988252152057411tmp surefire_010197910634779057026tmp"/>
    <property name="http.nonProxyHosts" value="local|*.local|169.254/16|*.169.254/16"/>
    <property name="jdk.debug" value="release"/>
    <property name="surefire.test.class.path" value="/Users/OLX/Documents/Extras/testProj/target/test-classes:/Users/OLX/Documents/Extras/testProj/target/classes:/Users/OLX/.m2/repository/org/testng/testng/6.11/testng-6.11.jar:/Users/OLX/.m2/repository/com/beust/jcommander/1.64/jcommander-1.64.jar:/Users/OLX/.m2/repository/org/yaml/snakeyaml/1.17/snakeyaml-1.17.jar:/Users/OLX/.m2/repository/io/rest-assured/rest-assured/4.3.1/rest-assured-4.3.1.jar:/Users/OLX/.m2/repository/org/codehaus/groovy/groovy/3.0.3/groovy-3.0.3.jar:/Users/OLX/.m2/repository/org/codehaus/groovy/groovy-xml/3.0.3/groovy-xml-3.0.3.jar:/Users/OLX/.m2/repository/org/apache/httpcomponents/httpclient/4.5.3/httpclient-4.5.3.jar:/Users/OLX/.m2/repository/org/apache/httpcomponents/httpcore/4.4.6/httpcore-4.4.6.jar:/Users/OLX/.m2/repository/commons-logging/commons-logging/1.2/commons-logging-1.2.jar:/Users/OLX/.m2/repository/commons-codec/commons-codec/1.9/commons-codec-1.9.jar:/Users/OLX/.m2/repository/org/apache/httpcomponents/httpmime/4.5.3/httpmime-4.5.3.jar:/Users/OLX/.m2/repository/org/hamcrest/hamcrest/2.1/hamcrest-2.1.jar:/Users/OLX/.m2/repository/org/ccil/cowan/tagsoup/tagsoup/1.2.1/tagsoup-1.2.1.jar:/Users/OLX/.m2/repository/io/rest-assured/xml-path/4.3.1/xml-path-4.3.1.jar:/Users/OLX/.m2/repository/org/apache/commons/commons-lang3/3.4/commons-lang3-3.4.jar:/Users/OLX/.m2/repository/jakarta/xml/bind/jakarta.xml.bind-api/2.3.3/jakarta.xml.bind-api-2.3.3.jar:/Users/OLX/.m2/repository/jakarta/activation/jakarta.activation-api/1.2.2/jakarta.activation-api-1.2.2.jar:/Users/OLX/.m2/repository/com/sun/xml/bind/jaxb-impl/2.3.3/jaxb-impl-2.3.3.jar:/Users/OLX/.m2/repository/io/rest-assured/json-path/4.3.1/json-path-4.3.1.jar:/Users/OLX/.m2/repository/io/rest-assured/rest-assured-common/4.3.1/rest-assured-common-4.3.1.jar:/Users/OLX/.m2/repository/io/rest-assured/json-schema-validator/4.3.1/json-schema-validator-4.3.1.jar:/Users/OLX/.m2/repository/com/github/java-json-tools/json-schema-validator/2.2.10/json-schema-validator-2.2.10.jar:/Users/OLX/.m2/repository/com/github/java-json-tools/json-schema-core/1.2.10/json-schema-core-1.2.10.jar:/Users/OLX/.m2/repository/com/github/java-json-tools/jackson-coreutils/1.9/jackson-coreutils-1.9.jar:/Users/OLX/.m2/repository/com/fasterxml/jackson/core/jackson-databind/2.2.3/jackson-databind-2.2.3.jar:/Users/OLX/.m2/repository/com/fasterxml/jackson/core/jackson-annotations/2.2.3/jackson-annotations-2.2.3.jar:/Users/OLX/.m2/repository/com/fasterxml/jackson/core/jackson-core/2.2.3/jackson-core-2.2.3.jar:/Users/OLX/.m2/repository/com/google/guava/guava/16.0.1/guava-16.0.1.jar:/Users/OLX/.m2/repository/com/github/fge/msg-simple/1.1/msg-simple-1.1.jar:/Users/OLX/.m2/repository/com/github/fge/btf/1.2/btf-1.2.jar:/Users/OLX/.m2/repository/com/github/fge/uri-template/0.9/uri-template-0.9.jar:/Users/OLX/.m2/repository/org/mozilla/rhino/1.7.7.1/rhino-1.7.7.1.jar:/Users/OLX/.m2/repository/javax/mail/mailapi/1.4.3/mailapi-1.4.3.jar:/Users/OLX/.m2/repository/javax/activation/activation/1.1/activation-1.1.jar:/Users/OLX/.m2/repository/joda-time/joda-time/2.9.7/joda-time-2.9.7.jar:/Users/OLX/.m2/repository/com/googlecode/libphonenumber/libphonenumber/8.0.0/libphonenumber-8.0.0.jar:/Users/OLX/.m2/repository/com/google/code/findbugs/jsr305/3.0.1/jsr305-3.0.1.jar:/Users/OLX/.m2/repository/net/sf/jopt-simple/jopt-simple/5.0.3/jopt-simple-5.0.3.jar:/Users/OLX/.m2/repository/org/projectlombok/lombok/1.18.16/lombok-1.18.16.jar:/Users/OLX/.m2/repository/org/projectlombok/test/test-maven-lombok/1.18.0.0/test-maven-lombok-1.18.0.0.jar:/Users/OLX/.m2/repository/javax/validation/validation-api/2.0.1.Final/validation-api-2.0.1.Final.jar:/Users/OLX/.m2/repository/org/slf4j/slf4j-api/1.7.25/slf4j-api-1.7.25.jar:/Users/OLX/.m2/repository/ch/qos/logback/logback-classic/1.2.3/logback-classic-1.2.3.jar:/Users/OLX/.m2/repository/ch/qos/logback/logback-core/1.2.3/logback-core-1.2.3.jar:/Users/OLX/.m2/repository/com/google/code/gson/gson/2.8.6/gson-2.8.6.jar:/Users/OLX/.m2/repository/org/apache/poi/poi-ooxml/4.1.2/poi-ooxml-4.1.2.jar:/Users/OLX/.m2/repository/org/apache/poi/poi/4.1.2/poi-4.1.2.jar:/Users/OLX/.m2/repository/org/apache/commons/commons-collections4/4.4/commons-collections4-4.4.jar:/Users/OLX/.m2/repository/org/apache/commons/commons-math3/3.6.1/commons-math3-3.6.1.jar:/Users/OLX/.m2/repository/com/zaxxer/SparseBitSet/1.2/SparseBitSet-1.2.jar:/Users/OLX/.m2/repository/org/apache/poi/poi-ooxml-schemas/4.1.2/poi-ooxml-schemas-4.1.2.jar:/Users/OLX/.m2/repository/org/apache/xmlbeans/xmlbeans/3.1.0/xmlbeans-3.1.0.jar:/Users/OLX/.m2/repository/org/apache/commons/commons-compress/1.19/commons-compress-1.19.jar:/Users/OLX/.m2/repository/com/github/virtuald/curvesapi/1.06/curvesapi-1.06.jar:/Users/OLX/.m2/repository/com/jayway/restassured/rest-assured/2.9.0/rest-assured-2.9.0.jar:/Users/OLX/.m2/repository/org/hamcrest/hamcrest-core/1.3/hamcrest-core-1.3.jar:/Users/OLX/.m2/repository/org/hamcrest/hamcrest-library/1.3/hamcrest-library-1.3.jar:/Users/OLX/.m2/repository/com/jayway/restassured/json-path/2.9.0/json-path-2.9.0.jar:/Users/OLX/.m2/repository/com/jayway/restassured/rest-assured-common/2.9.0/rest-assured-common-2.9.0.jar:/Users/OLX/.m2/repository/com/jayway/restassured/xml-path/2.9.0/xml-path-2.9.0.jar:/Users/OLX/.m2/repository/com/jayway/jsonpath/json-path/2.7.0/json-path-2.7.0.jar:/Users/OLX/.m2/repository/net/minidev/json-smart/2.4.7/json-smart-2.4.7.jar:/Users/OLX/.m2/repository/net/minidev/accessors-smart/2.4.7/accessors-smart-2.4.7.jar:/Users/OLX/.m2/repository/org/ow2/asm/asm/9.1/asm-9.1.jar:/Users/OLX/.m2/repository/org/codehaus/groovy/groovy-json/3.0.3/groovy-json-3.0.3.jar:/Users/OLX/.m2/repository/com/googlecode/json-simple/json-simple/1.1.1/json-simple-1.1.1.jar:/Users/OLX/.m2/repository/junit/junit/4.10/junit-4.10.jar:/Users/OLX/.m2/repository/com/github/dzieciou/testing/curl-logger/1.0.5/curl-logger-1.0.5.jar:"/>
    <property name="sun.cpu.endian" value="little"/>
    <property name="user.home" value="/Users/OLX"/>
    <property name="user.language" value="en"/>
    <property name="java.specification.vendor" value="Oracle Corporation"/>
    <property name="java.version.date" value="2021-04-20"/>
    <property name="java.home" value="/Library/Java/JavaVirtualMachines/adoptopenjdk-11.jdk/Contents/Home"/>
    <property name="file.separator" value="/"/>
    <property name="basedir" value="/Users/OLX/Documents/Extras/testProj"/>
    <property name="java.vm.compressedOopsMode" value="Zero based"/>
    <property name="line.separator" value="&#10;"/>
    <property name="java.specification.name" value="Java Platform API Specification"/>
    <property name="java.vm.specification.vendor" value="Oracle Corporation"/>
    <property name="java.awt.graphicsenv" value="sun.awt.CGraphicsEnvironment"/>
    <property name="surefire.real.class.path" value="/Users/OLX/Documents/Extras/testProj/target/surefire/surefirebooter9592623754424323673.jar"/>
    <property name="sun.management.compiler" value="HotSpot 64-Bit Tiered Compilers"/>
    <property name="ftp.nonProxyHosts" value="local|*.local|169.254/16|*.169.254/16"/>
    <property name="java.runtime.version" value="11.0.11+9"/>
    <property name="user.name" value="OLX"/>
    <property name="path.separator" value=":"/>
    <property name="os.version" value="10.15.7"/>
    <property name="java.runtime.name" value="OpenJDK Runtime Environment"/>
    <property name="file.encoding" value="US-ASCII"/>
    <property name="cityName" value="Paris"/>
    <property name="java.vm.name" value="OpenJDK 64-Bit Server VM"/>
    <property name="java.vendor.version" value="AdoptOpenJDK-11.0.11+9"/>
    <property name="localRepository" value="/Users/OLX/.m2/repository"/>
    <property name="java.vendor.url.bug" value="https://github.com/AdoptOpenJDK/openjdk-support/issues"/>
    <property name="java.io.tmpdir" value="/var/folders/m3/kj32ddp92lvg1j50wyml5fm00000gp/T/"/>
    <property name="java.version" value="11.0.11"/>
    <property name="user.dir" value="/Users/OLX/Documents/Extras/testProj"/>
    <property name="os.arch" value="x86_64"/>
    <property name="java.vm.specification.name" value="Java Virtual Machine Specification"/>
    <property name="java.awt.printerjob" value="sun.lwawt.macosx.CPrinterJob"/>
    <property name="sun.os.patch.level" value="unknown"/>
    <property name="java.library.path" value="/Users/OLX/Library/Java/Extensions:/Library/Java/Extensions:/Network/Library/Java/Extensions:/System/Library/Java/Extensions:/usr/lib/java:."/>
    <property name="java.vm.info" value="mixed mode"/>
    <property name="java.vendor" value="AdoptOpenJDK"/>
    <property name="java.vm.version" value="11.0.11+9"/>
    <property name="sun.io.unicode.encoding" value="UnicodeBig"/>
    <property name="java.class.version" value="55.0"/>
    <property name="socksNonProxyHosts" value="local|*.local|169.254/16|*.169.254/16"/>
  </properties>
  <testcase name="getWeatherDetails" classname="weatherTests.WeatherDetailsTest" time="2.671">
    <failure type="java.lang.NullPointerException"><![CDATA[java.lang.NullPointerException
	at weatherTests.WeatherDetailsTest.getWeatherDetails(WeatherDetailsTest.java:25)
]]></failure>
    <system-out><![CDATA[thread -- 1
10:16:58.066 [main] DEBUG curl - curl 'https://goweather.herokuapp.com/weather/Paris' -H 'Accept: */*' -H 'Host: goweather.herokuapp.com' -H 'Connection: Keep-Alive' -H 'User-Agent: Apache-HttpClient/4.5.3 (Java/11.0.11)' --compressed -k -v
 Response status code is --- 404
 WeatherEndpoint Response is : {"message":"NOT_FOUND"}
WeatherEndpoint Response headers --- 
Server=Cowboy
Connection=keep-alive
Content-Type=application/json
Date=Wed, 16 Mar 2022 04:46:58 GMT
Content-Length=23
Via=1.1 vegur
{"message":"NOT_FOUND"}
]]></system-out>
  </testcase>
  <testcase name="getUserDetails" classname="accountsTests.UserDetailsTest" time="1.37">
    <system-out><![CDATA[thread -- 1
10:16:59.173 [main] DEBUG curl - curl 'https://demoqa.com/Account/v1/User/44525dda-8032-49e2-a859-630d86d0bf16' -H 'Accept: */*' -H 'Host: demoqa.com' -H 'Connection: Keep-Alive' -H 'User-Agent: Apache-HttpClient/4.5.3 (Java/11.0.11)' -u 'test001:Test@1234' --compressed -k -v
 Response status code is --- 200
 UserEndpoint Response is : {"userId":"44525dda-8032-49e2-a859-630d86d0bf16","username":"test001","books":[{"isbn":"9781449337711","title":"Designing Evolvable Web APIs with ASP.NET","subTitle":"Harnessing the Power of the Web","author":"Glenn Block et al.","publish_date":"2020-06-04T09:12:43.000Z","publisher":"O'Reilly Media","pages":238,"description":"Design and build Web APIs for a broad range of clients—including browsers and mobile devices—that can adapt to change over time. This practical, hands-on guide takes you through the theory and tools you need to build evolvable HTTP services with Microsoft","website":"http://chimera.labs.oreilly.com/books/1234000001708/index.html"},{"isbn":"9781449365035","title":"Speaking JavaScript","subTitle":"An In-Depth Guide for Programmers","author":"Axel Rauschmayer","publish_date":"2014-02-01T00:00:00.000Z","publisher":"O'Reilly Media","pages":460,"description":"Like it or not, JavaScript is everywhere these days-from browser to server to mobile-and now you, too, need to learn the language or dive deeper than you have. This concise book guides you into and through JavaScript, written by a veteran programmer who o","website":"http://speakingjs.com/"}]}
UserEndpoint Response headers --- 
Server=nginx/1.17.10 (Ubuntu)
Date=Wed, 16 Mar 2022 04:46:59 GMT
Content-Type=application/json; charset=utf-8
Content-Length=1186
Connection=keep-alive
X-Powered-By=Express
ETag=W/"4a2-KfG8Rtr95vl2aJvT/hFe7st3kYM"
44525dda-8032-49e2-a859-630d86d0bf16
]]></system-out>
  </testcase>
</testsuite>