<?xml version="1.0" encoding="UTF-8"?>
<!-- Generated by org.testng.reporters.JUnitReportReporter -->
<testsuite hostname="INODE18087.local" failures="0" tests="1" name="accountsTests.UserDetailsTest" time="1.370" errors="0" timestamp="16 Mar 2022 04:47:04 GMT" skipped="0">
  <testcase classname="accountsTests.UserDetailsTest" name="getUserDetails" time="1.370"/>
</testsuite> <!-- accountsTests.UserDetailsTest -->
